android/app/build/intermediates/manifest_merge_blame_file/debug/manifest-merger-blame-debug-report.txt
1<?xml version="1.0" encoding="utf-8"?>
2<manifest xmlns:android="http://schemas.android.com/apk/res/android"
3    package="com.quickaid"
4    android:versionCode="1"
5    android:versionName="1.0" >
6
7    <uses-sdk
8        android:minSdkVersion="23"
9        android:targetSdkVersion="34" />
10
11    <uses-permission android:name="android.permission.INTERNET" />
11-->src/main/AndroidManifest.xml:3:5-67
11-->src/main/AndroidManifest.xml:3:22-64
12    <uses-permission android:name="android.permission.ACCESS_FINE_LOCATION" />
12-->src/main/AndroidManifest.xml:4:5-79
12-->src/main/AndroidManifest.xml:4:22-76
13    <uses-permission android:name="android.permission.ACCESS_COARSE_LOCATION" />
13-->src/main/AndroidManifest.xml:5:5-81
13-->src/main/AndroidManifest.xml:5:22-78
14    <uses-permission android:name="android.permission.CAMERA" />
14-->src/main/AndroidManifest.xml:6:5-65
14-->src/main/AndroidManifest.xml:6:22-62
15    <uses-permission android:name="android.permission.READ_MEDIA_IMAGES" />
15-->src/main/AndroidManifest.xml:7:5-76
15-->src/main/AndroidManifest.xml:7:22-73
16    <uses-permission android:name="android.permission.READ_EXTERNAL_STORAGE" />
16-->src/main/AndroidManifest.xml:8:5-80
16-->src/main/AndroidManifest.xml:8:22-77
17    <uses-permission android:name="android.permission.WRITE_EXTERNAL_STORAGE" />
17-->src/main/AndroidManifest.xml:9:5-81
17-->src/main/AndroidManifest.xml:9:22-78
18
19    <uses-feature android:name="android.hardware.location.gps" />
19-->src/main/AndroidManifest.xml:10:5-66
19-->src/main/AndroidManifest.xml:10:19-63
20    <uses-feature
20-->src/main/AndroidManifest.xml:11:5-85
21        android:name="android.hardware.camera"
21-->src/main/AndroidManifest.xml:11:19-57
22        android:required="false" />
22-->src/main/AndroidManifest.xml:11:58-82
23
24    <uses-permission android:name="android.permission.WAKE_LOCK" />
24-->[:react-native-firebase_auth] AndroidManifest.xml:8:5-68
24-->[:react-native-firebase_auth] AndroidManifest.xml:8:22-65
25    <uses-permission android:name="android.permission.ACCESS_NETWORK_STATE" />
25-->[:react-native-firebase_auth] AndroidManifest.xml:9:5-79
25-->[:react-native-firebase_auth] AndroidManifest.xml:9:22-76
26    <!--
27    This manifest file is used only by Gradle to configure debug-only capabilities
28    for React Native Apps.
29    -->
30    <uses-permission android:name="android.permission.SYSTEM_ALERT_WINDOW" />
30-->[com.facebook.react:react-android:0.74.6] AndroidManifest.xml:16:5-78
30-->[com.facebook.react:react-android:0.74.6] AndroidManifest.xml:16:22-75
31
32    <uses-feature
32-->[com.google.android.gms:play-services-maps:18.2.0] AndroidManifest.xml:26:5-28:35
33        android:glEsVersion="0x00020000"
33-->[com.google.android.gms:play-services-maps:18.2.0] AndroidManifest.xml:27:9-41
34        android:required="true" />
34-->[com.google.android.gms:play-services-maps:18.2.0] AndroidManifest.xml:28:9-32
35
36    <queries>
36-->[com.google.android.gms:play-services-maps:18.2.0] AndroidManifest.xml:30:5-34:15
37
38        <!-- Needs to be explicitly declared on Android R+ -->
39        <package android:name="com.google.android.apps.maps" />
39-->[com.google.android.gms:play-services-maps:18.2.0] AndroidManifest.xml:33:9-64
39-->[com.google.android.gms:play-services-maps:18.2.0] AndroidManifest.xml:33:18-61
40    </queries>
41
42    <uses-permission android:name="com.google.android.providers.gsf.permission.READ_GSERVICES" />
42-->[com.google.android.recaptcha:recaptcha:18.4.0] AndroidManifest.xml:9:5-98
42-->[com.google.android.recaptcha:recaptcha:18.4.0] AndroidManifest.xml:9:22-95
43    <uses-permission android:name="android.permission.RECEIVE_BOOT_COMPLETED" />
43-->[androidx.work:work-runtime:2.7.1] AndroidManifest.xml:27:5-81
43-->[androidx.work:work-runtime:2.7.1] AndroidManifest.xml:27:22-78
44    <uses-permission android:name="android.permission.FOREGROUND_SERVICE" />
44-->[androidx.work:work-runtime:2.7.1] AndroidManifest.xml:28:5-77
44-->[androidx.work:work-runtime:2.7.1] AndroidManifest.xml:28:22-74
45
46    <permission
46-->[androidx.core:core:1.9.0] AndroidManifest.xml:22:5-24:47
47        android:name="com.quickaid.DYNAMIC_RECEIVER_NOT_EXPORTED_PERMISSION"
47-->[androidx.core:core:1.9.0] AndroidManifest.xml:23:9-81
48        android:protectionLevel="signature" />
48-->[androidx.core:core:1.9.0] AndroidManifest.xml:24:9-44
49
50    <uses-permission android:name="com.quickaid.DYNAMIC_RECEIVER_NOT_EXPORTED_PERMISSION" />
50-->[androidx.core:core:1.9.0] AndroidManifest.xml:26:5-97
50-->[androidx.core:core:1.9.0] AndroidManifest.xml:26:22-94
51
52    <application
52-->src/main/AndroidManifest.xml:13:5-35:19
53        android:name="com.quickaid.MainApplication"
53-->src/main/AndroidManifest.xml:14:7-38
54        android:allowBackup="false"
54-->src/main/AndroidManifest.xml:18:7-34
55        android:appComponentFactory="androidx.core.app.CoreComponentFactory"
55-->[androidx.core:core:1.9.0] AndroidManifest.xml:28:18-86
56        android:debuggable="true"
57        android:extractNativeLibs="false"
58        android:icon="@mipmap/ic_launcher"
58-->src/main/AndroidManifest.xml:16:7-41
59        android:label="@string/app_name"
59-->src/main/AndroidManifest.xml:15:7-39
60        android:roundIcon="@mipmap/ic_launcher_round"
60-->src/main/AndroidManifest.xml:17:7-52
61        android:theme="@style/AppTheme"
61-->src/main/AndroidManifest.xml:19:7-38
62        android:usesCleartextTraffic="true" >
62-->src/debug/AndroidManifest.xml:6:9-44
63        <activity
63-->src/main/AndroidManifest.xml:20:7-31:18
64            android:name="com.quickaid.MainActivity"
64-->src/main/AndroidManifest.xml:21:9-37
65            android:configChanges="keyboard|keyboardHidden|orientation|screenLayout|screenSize|smallestScreenSize|uiMode"
65-->src/main/AndroidManifest.xml:23:9-118
66            android:exported="true"
66-->src/main/AndroidManifest.xml:26:9-32
67            android:label="@string/app_name"
67-->src/main/AndroidManifest.xml:22:9-41
68            android:launchMode="singleTask"
68-->src/main/AndroidManifest.xml:24:9-40
69            android:windowSoftInputMode="adjustResize" >
69-->src/main/AndroidManifest.xml:25:9-51
70            <intent-filter>
70-->src/main/AndroidManifest.xml:27:9-30:25
71                <action android:name="android.intent.action.MAIN" />
71-->src/main/AndroidManifest.xml:28:13-65
71-->src/main/AndroidManifest.xml:28:21-62
72
73                <category android:name="android.intent.category.LAUNCHER" />
73-->src/main/AndroidManifest.xml:29:13-73
73-->src/main/AndroidManifest.xml:29:23-70
74            </intent-filter>
75        </activity>
76
77        <meta-data
77-->src/main/AndroidManifest.xml:32:7-34:66
78            android:name="com.google.android.geo.API_KEY"
78-->src/main/AndroidManifest.xml:33:9-54
79            android:value="AIzaSyAulXLSMmXb5A89yHrNDRCK6UzAhjvUwBY" />
79-->src/main/AndroidManifest.xml:34:9-64
80        <meta-data
80-->[:react-native-firebase_app] AndroidManifest.xml:9:9-11:36
81            android:name="app_data_collection_default_enabled"
81-->[:react-native-firebase_app] AndroidManifest.xml:10:13-63
82            android:value="true" />
82-->[:react-native-firebase_app] AndroidManifest.xml:11:13-33
83
84        <service
84-->[:react-native-firebase_app] AndroidManifest.xml:13:9-21:19
85            android:name="com.google.firebase.components.ComponentDiscoveryService"
85-->[:react-native-firebase_app] AndroidManifest.xml:14:13-84
86            android:directBootAware="true"
86-->[:react-native-firebase_app] AndroidManifest.xml:15:13-43
87            android:exported="false" >
87-->[:react-native-firebase_app] AndroidManifest.xml:16:13-37
88            <meta-data
88-->[:react-native-firebase_app] AndroidManifest.xml:18:13-20:85
89                android:name="com.google.firebase.components:io.invertase.firebase.app.ReactNativeFirebaseAppRegistrar"
89-->[:react-native-firebase_app] AndroidManifest.xml:19:17-120
90                android:value="com.google.firebase.components.ComponentRegistrar" />
90-->[:react-native-firebase_app] AndroidManifest.xml:20:17-82
91            <meta-data
91-->[com.google.firebase:firebase-firestore:24.10.1] AndroidManifest.xml:17:13-19:85
92                android:name="com.google.firebase.components:com.google.firebase.firestore.FirebaseFirestoreKtxRegistrar"
92-->[com.google.firebase:firebase-firestore:24.10.1] AndroidManifest.xml:18:17-122
93                android:value="com.google.firebase.components.ComponentRegistrar" />
93-->[com.google.firebase:firebase-firestore:24.10.1] AndroidManifest.xml:19:17-82
94            <meta-data
94-->[com.google.firebase:firebase-firestore:24.10.1] AndroidManifest.xml:20:13-22:85
95                android:name="com.google.firebase.components:com.google.firebase.firestore.FirestoreRegistrar"
95-->[com.google.firebase:firebase-firestore:24.10.1] AndroidManifest.xml:21:17-111
96                android:value="com.google.firebase.components.ComponentRegistrar" />
96-->[com.google.firebase:firebase-firestore:24.10.1] AndroidManifest.xml:22:17-82
97            <meta-data
97-->[com.google.firebase:firebase-storage:20.3.0] AndroidManifest.xml:30:13-32:85
98                android:name="com.google.firebase.components:com.google.firebase.storage.FirebaseStorageKtxRegistrar"
98-->[com.google.firebase:firebase-storage:20.3.0] AndroidManifest.xml:31:17-118
99                android:value="com.google.firebase.components.ComponentRegistrar" />
99-->[com.google.firebase:firebase-storage:20.3.0] AndroidManifest.xml:32:17-82
100            <meta-data
100-->[com.google.firebase:firebase-storage:20.3.0] AndroidManifest.xml:33:13-35:85
101                android:name="com.google.firebase.components:com.google.firebase.storage.StorageRegistrar"
101-->[com.google.firebase:firebase-storage:20.3.0] AndroidManifest.xml:34:17-107
102                android:value="com.google.firebase.components.ComponentRegistrar" />
102-->[com.google.firebase:firebase-storage:20.3.0] AndroidManifest.xml:35:17-82
103            <meta-data
103-->[com.google.firebase:firebase-auth:22.3.1] AndroidManifest.xml:69:13-71:85
104                android:name="com.google.firebase.components:com.google.firebase.auth.FirebaseAuthRegistrar"
104-->[com.google.firebase:firebase-auth:22.3.1] AndroidManifest.xml:70:17-109
105                android:value="com.google.firebase.components.ComponentRegistrar" />
105-->[com.google.firebase:firebase-auth:22.3.1] AndroidManifest.xml:71:17-82
106            <meta-data
106-->[com.google.firebase:firebase-appcheck:17.1.1] AndroidManifest.xml:25:13-27:85
107                android:name="com.google.firebase.components:com.google.firebase.appcheck.FirebaseAppCheckKtxRegistrar"
107-->[com.google.firebase:firebase-appcheck:17.1.1] AndroidManifest.xml:26:17-120
108                android:value="com.google.firebase.components.ComponentRegistrar" />
108-->[com.google.firebase:firebase-appcheck:17.1.1] AndroidManifest.xml:27:17-82
109            <meta-data
109-->[com.google.firebase:firebase-appcheck:17.1.1] AndroidManifest.xml:28:13-30:85
110                android:name="com.google.firebase.components:com.google.firebase.appcheck.FirebaseAppCheckRegistrar"
110-->[com.google.firebase:firebase-appcheck:17.1.1] AndroidManifest.xml:29:17-117
111                android:value="com.google.firebase.components.ComponentRegistrar" />
111-->[com.google.firebase:firebase-appcheck:17.1.1] AndroidManifest.xml:30:17-82
112            <meta-data
112-->[com.google.firebase:firebase-common-ktx:20.4.2] AndroidManifest.xml:12:13-14:85
113                android:name="com.google.firebase.components:com.google.firebase.ktx.FirebaseCommonLegacyRegistrar"
113-->[com.google.firebase:firebase-common-ktx:20.4.2] AndroidManifest.xml:13:17-116
114                android:value="com.google.firebase.components.ComponentRegistrar" />
114-->[com.google.firebase:firebase-common-ktx:20.4.2] AndroidManifest.xml:14:17-82
115            <meta-data
115-->[com.google.firebase:firebase-common:20.4.2] AndroidManifest.xml:35:13-37:85
116                android:name="com.google.firebase.components:com.google.firebase.FirebaseCommonKtxRegistrar"
116-->[com.google.firebase:firebase-common:20.4.2] AndroidManifest.xml:36:17-109
117                android:value="com.google.firebase.components.ComponentRegistrar" />
117-->[com.google.firebase:firebase-common:20.4.2] AndroidManifest.xml:37:17-82
118        </service>
119
120        <provider
120-->[:react-native-firebase_app] AndroidManifest.xml:23:9-27:38
121            android:name="io.invertase.firebase.app.ReactNativeFirebaseAppInitProvider"
121-->[:react-native-firebase_app] AndroidManifest.xml:24:13-88
122            android:authorities="com.quickaid.reactnativefirebaseappinitprovider"
122-->[:react-native-firebase_app] AndroidManifest.xml:25:13-86
123            android:exported="false"
123-->[:react-native-firebase_app] AndroidManifest.xml:26:13-37
124            android:initOrder="99" />
124-->[:react-native-firebase_app] AndroidManifest.xml:27:13-35
125        <provider
125-->[:react-native-image-picker] AndroidManifest.xml:8:9-16:20
126            android:name="com.imagepicker.ImagePickerProvider"
126-->[:react-native-image-picker] AndroidManifest.xml:9:13-63
127            android:authorities="com.quickaid.imagepickerprovider"
127-->[:react-native-image-picker] AndroidManifest.xml:10:13-71
128            android:exported="false"
128-->[:react-native-image-picker] AndroidManifest.xml:11:13-37
129            android:grantUriPermissions="true" >
129-->[:react-native-image-picker] AndroidManifest.xml:12:13-47
130            <meta-data
130-->[:react-native-image-picker] AndroidManifest.xml:13:13-15:70
131                android:name="android.support.FILE_PROVIDER_PATHS"
131-->[:react-native-image-picker] AndroidManifest.xml:14:17-67
132                android:resource="@xml/imagepicker_provider_paths" />
132-->[:react-native-image-picker] AndroidManifest.xml:15:17-67
133        </provider>
134
135        <activity
135-->[com.facebook.react:react-android:0.74.6] AndroidManifest.xml:19:9-21:40
136            android:name="com.facebook.react.devsupport.DevSettingsActivity"
136-->[com.facebook.react:react-android:0.74.6] AndroidManifest.xml:20:13-77
137            android:exported="false" />
137-->[com.facebook.react:react-android:0.74.6] AndroidManifest.xml:21:13-37
138        <activity
138-->[com.google.android.gms:play-services-auth:20.7.0] AndroidManifest.xml:23:9-27:75
139            android:name="com.google.android.gms.auth.api.signin.internal.SignInHubActivity"
139-->[com.google.android.gms:play-services-auth:20.7.0] AndroidManifest.xml:24:13-93
140            android:excludeFromRecents="true"
140-->[com.google.android.gms:play-services-auth:20.7.0] AndroidManifest.xml:25:13-46
141            android:exported="false"
141-->[com.google.android.gms:play-services-auth:20.7.0] AndroidManifest.xml:26:13-37
142            android:theme="@android:style/Theme.Translucent.NoTitleBar" />
142-->[com.google.android.gms:play-services-auth:20.7.0] AndroidManifest.xml:27:13-72
143        <!--
144            Service handling Google Sign-In user revocation. For apps that do not integrate with
145            Google Sign-In, this service will never be started.
146        -->
147        <service
147-->[com.google.android.gms:play-services-auth:20.7.0] AndroidManifest.xml:33:9-37:51
148            android:name="com.google.android.gms.auth.api.signin.RevocationBoundService"
148-->[com.google.android.gms:play-services-auth:20.7.0] AndroidManifest.xml:34:13-89
149            android:exported="true"
149-->[com.google.android.gms:play-services-auth:20.7.0] AndroidManifest.xml:35:13-36
150            android:permission="com.google.android.gms.auth.api.signin.permission.REVOCATION_NOTIFICATION"
150-->[com.google.android.gms:play-services-auth:20.7.0] AndroidManifest.xml:36:13-107
151            android:visibleToInstantApps="true" />
151-->[com.google.android.gms:play-services-auth:20.7.0] AndroidManifest.xml:37:13-48
152
153        <meta-data
153-->[com.google.maps.android:android-maps-utils:3.8.2] AndroidManifest.xml:8:9-10:69
154            android:name="com.google.android.gms.version"
154-->[com.google.maps.android:android-maps-utils:3.8.2] AndroidManifest.xml:9:13-58
155            android:value="@integer/google_play_services_version" /> <!-- Needs to be explicitly declared on P+ -->
155-->[com.google.maps.android:android-maps-utils:3.8.2] AndroidManifest.xml:10:13-66
156        <uses-library
156-->[com.google.android.gms:play-services-maps:18.2.0] AndroidManifest.xml:39:9-41:40
157            android:name="org.apache.http.legacy"
157-->[com.google.android.gms:play-services-maps:18.2.0] AndroidManifest.xml:40:13-50
158            android:required="false" />
158-->[com.google.android.gms:play-services-maps:18.2.0] AndroidManifest.xml:41:13-37
159
160        <activity
160-->[com.google.firebase:firebase-auth:22.3.1] AndroidManifest.xml:29:9-46:20
161            android:name="com.google.firebase.auth.internal.GenericIdpActivity"
161-->[com.google.firebase:firebase-auth:22.3.1] AndroidManifest.xml:30:13-80
162            android:excludeFromRecents="true"
162-->[com.google.firebase:firebase-auth:22.3.1] AndroidManifest.xml:31:13-46
163            android:exported="true"
163-->[com.google.firebase:firebase-auth:22.3.1] AndroidManifest.xml:32:13-36
164            android:launchMode="singleTask"
164-->[com.google.firebase:firebase-auth:22.3.1] AndroidManifest.xml:33:13-44
165            android:theme="@android:style/Theme.Translucent.NoTitleBar" >
165-->[com.google.firebase:firebase-auth:22.3.1] AndroidManifest.xml:34:13-72
166            <intent-filter>
166-->[com.google.firebase:firebase-auth:22.3.1] AndroidManifest.xml:35:13-45:29
167                <action android:name="android.intent.action.VIEW" />
167-->[com.google.firebase:firebase-auth:22.3.1] AndroidManifest.xml:36:17-69
167-->[com.google.firebase:firebase-auth:22.3.1] AndroidManifest.xml:36:25-66
168
169                <category android:name="android.intent.category.DEFAULT" />
169-->[com.google.firebase:firebase-auth:22.3.1] AndroidManifest.xml:38:17-76
169-->[com.google.firebase:firebase-auth:22.3.1] AndroidManifest.xml:38:27-73
170                <category android:name="android.intent.category.BROWSABLE" />
170-->[com.google.firebase:firebase-auth:22.3.1] AndroidManifest.xml:39:17-78
170-->[com.google.firebase:firebase-auth:22.3.1] AndroidManifest.xml:39:27-75
171
172                <data
172-->[com.google.firebase:firebase-auth:22.3.1] AndroidManifest.xml:41:17-44:51
173                    android:host="firebase.auth"
173-->[com.google.firebase:firebase-auth:22.3.1] AndroidManifest.xml:42:21-49
174                    android:path="/"
174-->[com.google.firebase:firebase-auth:22.3.1] AndroidManifest.xml:43:21-37
175                    android:scheme="genericidp" />
175-->[com.google.firebase:firebase-auth:22.3.1] AndroidManifest.xml:44:21-48
176            </intent-filter>
177        </activity>
178        <activity
178-->[com.google.firebase:firebase-auth:22.3.1] AndroidManifest.xml:47:9-64:20
179            android:name="com.google.firebase.auth.internal.RecaptchaActivity"
179-->[com.google.firebase:firebase-auth:22.3.1] AndroidManifest.xml:48:13-79
180            android:excludeFromRecents="true"
180-->[com.google.firebase:firebase-auth:22.3.1] AndroidManifest.xml:49:13-46
181            android:exported="true"
181-->[com.google.firebase:firebase-auth:22.3.1] AndroidManifest.xml:50:13-36
182            android:launchMode="singleTask"
182-->[com.google.firebase:firebase-auth:22.3.1] AndroidManifest.xml:51:13-44
183            android:theme="@android:style/Theme.Translucent.NoTitleBar" >
183-->[com.google.firebase:firebase-auth:22.3.1] AndroidManifest.xml:52:13-72
184            <intent-filter>
184-->[com.google.firebase:firebase-auth:22.3.1] AndroidManifest.xml:53:13-63:29
185                <action android:name="android.intent.action.VIEW" />
185-->[com.google.firebase:firebase-auth:22.3.1] AndroidManifest.xml:36:17-69
185-->[com.google.firebase:firebase-auth:22.3.1] AndroidManifest.xml:36:25-66
186
187                <category android:name="android.intent.category.DEFAULT" />
187-->[com.google.firebase:firebase-auth:22.3.1] AndroidManifest.xml:38:17-76
187-->[com.google.firebase:firebase-auth:22.3.1] AndroidManifest.xml:38:27-73
188                <category android:name="android.intent.category.BROWSABLE" />
188-->[com.google.firebase:firebase-auth:22.3.1] AndroidManifest.xml:39:17-78
188-->[com.google.firebase:firebase-auth:22.3.1] AndroidManifest.xml:39:27-75
189
190                <data
190-->[com.google.firebase:firebase-auth:22.3.1] AndroidManifest.xml:41:17-44:51
191                    android:host="firebase.auth"
191-->[com.google.firebase:firebase-auth:22.3.1] AndroidManifest.xml:42:21-49
192                    android:path="/"
192-->[com.google.firebase:firebase-auth:22.3.1] AndroidManifest.xml:43:21-37
193                    android:scheme="recaptcha" />
193-->[com.google.firebase:firebase-auth:22.3.1] AndroidManifest.xml:44:21-48
194            </intent-filter>
195        </activity>
196        <activity
196-->[com.google.android.gms:play-services-base:18.2.0] AndroidManifest.xml:20:9-22:45
197            android:name="com.google.android.gms.common.api.GoogleApiActivity"
197-->[com.google.android.gms:play-services-base:18.2.0] AndroidManifest.xml:20:19-85
198            android:exported="false"
198-->[com.google.android.gms:play-services-base:18.2.0] AndroidManifest.xml:22:19-43
199            android:theme="@android:style/Theme.Translucent.NoTitleBar" />
199-->[com.google.android.gms:play-services-base:18.2.0] AndroidManifest.xml:21:19-78
200
201        <provider
201-->[com.google.firebase:firebase-common:20.4.2] AndroidManifest.xml:23:9-28:39
202            android:name="com.google.firebase.provider.FirebaseInitProvider"
202-->[com.google.firebase:firebase-common:20.4.2] AndroidManifest.xml:24:13-77
203            android:authorities="com.quickaid.firebaseinitprovider"
203-->[com.google.firebase:firebase-common:20.4.2] AndroidManifest.xml:25:13-72
204            android:directBootAware="true"
204-->[com.google.firebase:firebase-common:20.4.2] AndroidManifest.xml:26:13-43
205            android:exported="false"
205-->[com.google.firebase:firebase-common:20.4.2] AndroidManifest.xml:27:13-37
206            android:initOrder="100" />
206-->[com.google.firebase:firebase-common:20.4.2] AndroidManifest.xml:28:13-36
207        <provider
207-->[androidx.work:work-runtime:2.7.1] AndroidManifest.xml:31:9-39:20
208            android:name="androidx.startup.InitializationProvider"
208-->[androidx.work:work-runtime:2.7.1] AndroidManifest.xml:32:13-67
209            android:authorities="com.quickaid.androidx-startup"
209-->[androidx.work:work-runtime:2.7.1] AndroidManifest.xml:33:13-68
210            android:exported="false" >
210-->[androidx.work:work-runtime:2.7.1] AndroidManifest.xml:34:13-37
211            <meta-data
211-->[androidx.work:work-runtime:2.7.1] AndroidManifest.xml:36:13-38:52
212                android:name="androidx.work.WorkManagerInitializer"
212-->[androidx.work:work-runtime:2.7.1] AndroidManifest.xml:37:17-68
213                android:value="androidx.startup" />
213-->[androidx.work:work-runtime:2.7.1] AndroidManifest.xml:38:17-49
214            <meta-data
214-->[androidx.emoji2:emoji2:1.2.0] AndroidManifest.xml:29:13-31:52
215                android:name="androidx.emoji2.text.EmojiCompatInitializer"
215-->[androidx.emoji2:emoji2:1.2.0] AndroidManifest.xml:30:17-75
216                android:value="androidx.startup" />
216-->[androidx.emoji2:emoji2:1.2.0] AndroidManifest.xml:31:17-49
217            <meta-data
217-->[androidx.lifecycle:lifecycle-process:2.6.1] AndroidManifest.xml:29:13-31:52
218                android:name="androidx.lifecycle.ProcessLifecycleInitializer"
218-->[androidx.lifecycle:lifecycle-process:2.6.1] AndroidManifest.xml:30:17-78
219                android:value="androidx.startup" />
219-->[androidx.lifecycle:lifecycle-process:2.6.1] AndroidManifest.xml:31:17-49
220            <meta-data
220-->[androidx.profileinstaller:profileinstaller:1.3.0] AndroidManifest.xml:29:13-31:52
221                android:name="androidx.profileinstaller.ProfileInstallerInitializer"
221-->[androidx.profileinstaller:profileinstaller:1.3.0] AndroidManifest.xml:30:17-85
222                android:value="androidx.startup" />
222-->[androidx.profileinstaller:profileinstaller:1.3.0] AndroidManifest.xml:31:17-49
223        </provider>
224
225        <service
225-->[androidx.work:work-runtime:2.7.1] AndroidManifest.xml:41:9-46:35
226            android:name="androidx.work.impl.background.systemalarm.SystemAlarmService"
226-->[androidx.work:work-runtime:2.7.1] AndroidManifest.xml:42:13-88
227            android:directBootAware="false"
227-->[androidx.work:work-runtime:2.7.1] AndroidManifest.xml:43:13-44
228            android:enabled="@bool/enable_system_alarm_service_default"
228-->[androidx.work:work-runtime:2.7.1] AndroidManifest.xml:44:13-72
229            android:exported="false" />
229-->[androidx.work:work-runtime:2.7.1] AndroidManifest.xml:45:13-37
230        <service
230-->[androidx.work:work-runtime:2.7.1] AndroidManifest.xml:47:9-53:35
231            android:name="androidx.work.impl.background.systemjob.SystemJobService"
231-->[androidx.work:work-runtime:2.7.1] AndroidManifest.xml:48:13-84
232            android:directBootAware="false"
232-->[androidx.work:work-runtime:2.7.1] AndroidManifest.xml:49:13-44
233            android:enabled="@bool/enable_system_job_service_default"
233-->[androidx.work:work-runtime:2.7.1] AndroidManifest.xml:50:13-70
234            android:exported="true"
234-->[androidx.work:work-runtime:2.7.1] AndroidManifest.xml:51:13-36
235            android:permission="android.permission.BIND_JOB_SERVICE" />
235-->[androidx.work:work-runtime:2.7.1] AndroidManifest.xml:52:13-69
236        <service
236-->[androidx.work:work-runtime:2.7.1] AndroidManifest.xml:54:9-59:35
237            android:name="androidx.work.impl.foreground.SystemForegroundService"
237-->[androidx.work:work-runtime:2.7.1] AndroidManifest.xml:55:13-81
238            android:directBootAware="false"
238-->[androidx.work:work-runtime:2.7.1] AndroidManifest.xml:56:13-44
239            android:enabled="@bool/enable_system_foreground_service_default"
239-->[androidx.work:work-runtime:2.7.1] AndroidManifest.xml:57:13-77
240            android:exported="false" />
240-->[androidx.work:work-runtime:2.7.1] AndroidManifest.xml:58:13-37
241
242        <receiver
242-->[androidx.work:work-runtime:2.7.1] AndroidManifest.xml:61:9-66:35
243            android:name="androidx.work.impl.utils.ForceStopRunnable$BroadcastReceiver"
243-->[androidx.work:work-runtime:2.7.1] AndroidManifest.xml:62:13-88
244            android:directBootAware="false"
244-->[androidx.work:work-runtime:2.7.1] AndroidManifest.xml:63:13-44
245            android:enabled="true"
245-->[androidx.work:work-runtime:2.7.1] AndroidManifest.xml:64:13-35
246            android:exported="false" />
246-->[androidx.work:work-runtime:2.7.1] AndroidManifest.xml:65:13-37
247        <receiver
247-->[androidx.work:work-runtime:2.7.1] AndroidManifest.xml:67:9-77:20
248            android:name="androidx.work.impl.background.systemalarm.ConstraintProxy$BatteryChargingProxy"
248-->[androidx.work:work-runtime:2.7.1] AndroidManifest.xml:68:13-106
249            android:directBootAware="false"
249-->[androidx.work:work-runtime:2.7.1] AndroidManifest.xml:69:13-44
250            android:enabled="false"
250-->[androidx.work:work-runtime:2.7.1] AndroidManifest.xml:70:13-36
251            android:exported="false" >
251-->[androidx.work:work-runtime:2.7.1] AndroidManifest.xml:71:13-37
252            <intent-filter>
252-->[androidx.work:work-runtime:2.7.1] AndroidManifest.xml:73:13-76:29
253                <action android:name="android.intent.action.ACTION_POWER_CONNECTED" />
253-->[androidx.work:work-runtime:2.7.1] AndroidManifest.xml:74:17-87
253-->[androidx.work:work-runtime:2.7.1] AndroidManifest.xml:74:25-84
254                <action android:name="android.intent.action.ACTION_POWER_DISCONNECTED" />
254-->[androidx.work:work-runtime:2.7.1] AndroidManifest.xml:75:17-90
254-->[androidx.work:work-runtime:2.7.1] AndroidManifest.xml:75:25-87
255            </intent-filter>
256        </receiver>
257        <receiver
257-->[androidx.work:work-runtime:2.7.1] AndroidManifest.xml:78:9-88:20
258            android:name="androidx.work.impl.background.systemalarm.ConstraintProxy$BatteryNotLowProxy"
258-->[androidx.work:work-runtime:2.7.1] AndroidManifest.xml:79:13-104
259            android:directBootAware="false"
259-->[androidx.work:work-runtime:2.7.1] AndroidManifest.xml:80:13-44
260            android:enabled="false"
260-->[androidx.work:work-runtime:2.7.1] AndroidManifest.xml:81:13-36
261            android:exported="false" >
261-->[androidx.work:work-runtime:2.7.1] AndroidManifest.xml:82:13-37
262            <intent-filter>
262-->[androidx.work:work-runtime:2.7.1] AndroidManifest.xml:84:13-87:29
263                <action android:name="android.intent.action.BATTERY_OKAY" />
263-->[androidx.work:work-runtime:2.7.1] AndroidManifest.xml:85:17-77
263-->[androidx.work:work-runtime:2.7.1] AndroidManifest.xml:85:25-74
264                <action android:name="android.intent.action.BATTERY_LOW" />
264-->[androidx.work:work-runtime:2.7.1] AndroidManifest.xml:86:17-76
264-->[androidx.work:work-runtime:2.7.1] AndroidManifest.xml:86:25-73
265            </intent-filter>
266        </receiver>
267        <receiver
267-->[androidx.work:work-runtime:2.7.1] AndroidManifest.xml:89:9-99:20
268            android:name="androidx.work.impl.background.systemalarm.ConstraintProxy$StorageNotLowProxy"
268-->[androidx.work:work-runtime:2.7.1] AndroidManifest.xml:90:13-104